# JRE version: OpenJDK Runtime Environment Temurin-21.0.8+9 (21.0.8+9) (build 21.0.8+9-LTS)
# Java VM: OpenJDK 64-Bit Server VM Temurin-21.0.8+9 (21.0.8+9-LTS, mixed mode, sharing, tiered, compressed oops, compressed class ptrs, g1 gc, windows-amd64)
GC Precious Log:
 CardTable entry size: 512
 Card Set container configuration: InlinePtr #cards 4 size 8 Array Of Cards #cards 16 size 48 Howl #buckets 8 coarsen threshold 3686 Howl Bitmap #cards 512 size 80 coarsen threshold 460 Card regions per heap region 1 cards per card region 4096
 CPUs: 12 total, 12 available
 Memory: 15608M
 Large Page Support: Disabled
 NUMA Support: Disabled
 Compressed Oops: Enabled (Zero based)
 Heap Region Size: 2M
 Heap Min Capacity: 8M
 Heap Initial Capacity: 244M
 Heap Max Capacity: 3904M
 Pre-touch: Disabled
 Parallel Workers: 10
 Concurrent Workers: 3
 Concurrent Refinement Workers: 10
 Periodic GC: Disabled
Heap:
 garbage-first heap   total 116736K, used 95313K [0x000000070c000000, 0x0000000800000000)
  region size 2048K, 22 young (45056K), 1 survivors (2048K)
 Metaspace       used 86842K, committed 87808K, reserved 1179648K
  class space    used 10989K, committed 11456K, reserved 1048576K
GC Heap History (20 events):
Event: 2356.272 GC heap after
{Heap after GC invocations=59 (full 3):
 garbage-first heap   total 96256K, used 44584K [0x000000070c000000, 0x0000000800000000)
  region size 2048K, 2 young (4096K), 2 survivors (4096K)
 Metaspace       used 84681K, committed 85568K, reserved 1179648K
  class space    used 10855K, committed 11264K, reserved 1048576K
}
Event: 2375.409 GC heap before
{Heap before GC invocations=59 (full 3):
 garbage-first heap   total 96256K, used 79400K [0x000000070c000000, 0x0000000800000000)
  region size 2048K, 20 young (40960K), 2 survivors (4096K)
 Metaspace       used 85097K, committed 86016K, reserved 1179648K
  class space    used 10877K, committed 11328K, reserved 1048576K
}
Event: 2375.412 GC heap after
{Heap after GC invocations=60 (full 3):
 garbage-first heap   total 96256K, used 46243K [0x000000070c000000, 0x0000000800000000)
  region size 2048K, 3 young (6144K), 3 survivors (6144K)
 Metaspace       used 85097K, committed 86016K, reserved 1179648K
  class space    used 10877K, committed 11328K, reserved 1048576K
}
Event: 2375.673 GC heap before
{Heap before GC invocations=61 (full 3):
 garbage-first heap   total 96256K, used 76963K [0x000000070c000000, 0x0000000800000000)
  region size 2048K, 19 young (38912K), 3 survivors (6144K)
 Metaspace       used 85232K, committed 86144K, reserved 1179648K
  class space    used 10890K, committed 11328K, reserved 1048576K
}
Event: 2375.677 GC heap after
{Heap after GC invocations=62 (full 3):
 garbage-first heap   total 96256K, used 48970K [0x000000070c000000, 0x0000000800000000)
  region size 2048K, 3 young (6144K), 3 survivors (6144K)
 Metaspace       used 85232K, committed 86144K, reserved 1179648K
  class space    used 10890K, committed 11328K, reserved 1048576K
}
Event: 2378.025 GC heap before
{Heap before GC invocations=62 (full 3):
 garbage-first heap   total 96256K, used 79690K [0x000000070c000000, 0x0000000800000000)
  region size 2048K, 18 young (36864K), 3 survivors (6144K)
 Metaspace       used 85698K, committed 86592K, reserved 1179648K
  class space    used 10916K, committed 11328K, reserved 1048576K
}
Event: 2378.028 GC heap after
{Heap after GC invocations=63 (full 3):
 garbage-first heap   total 96256K, used 49988K [0x000000070c000000, 0x0000000800000000)
  region size 2048K, 2 young (4096K), 2 survivors (4096K)
 Metaspace       used 85698K, committed 86592K, reserved 1179648K
  class space    used 10916K, committed 11328K, reserved 1048576K
}
Event: 2479.677 GC heap before
{Heap before GC invocations=63 (full 3):
 garbage-first heap   total 96256K, used 84804K [0x000000070c000000, 0x0000000800000000)
  region size 2048K, 19 young (38912K), 2 survivors (4096K)
 Metaspace       used 85706K, committed 86592K, reserved 1179648K
  class space    used 10916K, committed 11328K, reserved 1048576K
}
Event: 2479.684 GC heap after
{Heap after GC invocations=64 (full 3):
 garbage-first heap   total 96256K, used 50807K [0x000000070c000000, 0x0000000800000000)
  region size 2048K, 2 young (4096K), 2 survivors (4096K)
 Metaspace       used 85706K, committed 86592K, reserved 1179648K
  class space    used 10916K, committed 11328K, reserved 1048576K
}
Event: 2540.298 GC heap before
{Heap before GC invocations=65 (full 3):
 garbage-first heap   total 96256K, used 69239K [0x000000070c000000, 0x0000000800000000)
  region size 2048K, 12 young (24576K), 2 survivors (4096K)
 Metaspace       used 85710K, committed 86592K, reserved 1179648K
  class space    used 10916K, committed 11328K, reserved 1048576K
}
Event: 2540.358 GC heap after
{Heap after GC invocations=66 (full 4):
 garbage-first heap   total 96256K, used 43001K [0x000000070c000000, 0x0000000800000000)
  region size 2048K, 0 young (0K), 0 survivors (0K)
 Metaspace       used 85704K, committed 86592K, reserved 1179648K
  class space    used 10915K, committed 11328K, reserved 1048576K
}
Event: 2540.803 GC heap before
{Heap before GC invocations=66 (full 4):
 garbage-first heap   total 96256K, used 81913K [0x000000070c000000, 0x0000000800000000)
  region size 2048K, 20 young (40960K), 0 survivors (0K)
 Metaspace       used 85947K, committed 86912K, reserved 1179648K
  class space    used 10936K, committed 11392K, reserved 1048576K
}
Event: 2540.807 GC heap after
{Heap after GC invocations=67 (full 4):
 garbage-first heap   total 96256K, used 47097K [0x000000070c000000, 0x0000000800000000)
  region size 2048K, 2 young (4096K), 2 survivors (4096K)
 Metaspace       used 85947K, committed 86912K, reserved 1179648K
  class space    used 10936K, committed 11392K, reserved 1048576K
}
Event: 2571.648 GC heap before
{Heap before GC invocations=68 (full 4):
 garbage-first heap   total 96256K, used 81913K [0x000000070c000000, 0x0000000800000000)
  region size 2048K, 19 young (38912K), 2 survivors (4096K)
 Metaspace       used 86384K, committed 87296K, reserved 1179648K
  class space    used 10954K, committed 11392K, reserved 1048576K
}
Event: 2571.652 GC heap after
{Heap after GC invocations=69 (full 4):
 garbage-first heap   total 116736K, used 47788K [0x000000070c000000, 0x0000000800000000)
  region size 2048K, 1 young (2048K), 1 survivors (2048K)
 Metaspace       used 86384K, committed 87296K, reserved 1179648K
  class space    used 10954K, committed 11392K, reserved 1048576K
}
Event: 2692.359 GC heap before
{Heap before GC invocations=69 (full 4):
 garbage-first heap   total 116736K, used 86700K [0x000000070c000000, 0x0000000800000000)
  region size 2048K, 22 young (45056K), 1 survivors (2048K)
 Metaspace       used 86404K, committed 87296K, reserved 1179648K
  class space    used 10957K, committed 11392K, reserved 1048576K
}
Event: 2692.403 GC heap after
{Heap after GC invocations=70 (full 5):
 garbage-first heap   total 116736K, used 47707K [0x000000070c000000, 0x0000000800000000)
  region size 2048K, 0 young (0K), 0 survivors (0K)
 Metaspace       used 86400K, committed 87296K, reserved 1179648K
  class space    used 10957K, committed 11392K, reserved 1048576K
}
Event: 2701.356 GC heap before
{Heap before GC invocations=70 (full 5):
 garbage-first heap   total 116736K, used 98907K [0x000000070c000000, 0x0000000800000000)
  region size 2048K, 26 young (53248K), 0 survivors (0K)
 Metaspace       used 86819K, committed 87808K, reserved 1179648K
  class space    used 10989K, committed 11456K, reserved 1048576K
}
Event: 2701.363 GC heap after
{Heap after GC invocations=71 (full 5):
 garbage-first heap   total 116736K, used 52305K [0x000000070c000000, 0x0000000800000000)
  region size 2048K, 3 young (6144K), 3 survivors (6144K)
 Metaspace       used 86819K, committed 87808K, reserved 1179648K
  class space    used 10989K, committed 11456K, reserved 1048576K
}
Event: 2852.147 GC heap before
{Heap before GC invocations=72 (full 5):
 garbage-first heap   total 116736K, used 95313K [0x000000070c000000, 0x0000000800000000)
  region size 2048K, 24 young (49152K), 3 survivors (6144K)
 Metaspace       used 86842K, committed 87808K, reserved 1179648K
  class space    used 10989K, committed 11456K, reserved 1048576K
}

