# JRE version: OpenJDK Runtime Environment Temurin-21.0.8+9 (21.0.8+9) (build 21.0.8+9-LTS)
# Java VM: OpenJDK 64-Bit Server VM Temurin-21.0.8+9 (21.0.8+9-LTS, mixed mode, sharing, tiered, compressed oops, compressed class ptrs, g1 gc, windows-amd64)
GC Precious Log:
 CardTable entry size: 512
 Card Set container configuration: InlinePtr #cards 4 size 8 Array Of Cards #cards 16 size 48 Howl #buckets 8 coarsen threshold 3686 Howl Bitmap #cards 512 size 80 coarsen threshold 460 Card regions per heap region 1 cards per card region 4096
 CPUs: 12 total, 12 available
 Memory: 15608M
 Large Page Support: Disabled
 NUMA Support: Disabled
 Compressed Oops: Enabled (Zero based)
 Heap Region Size: 2M
 Heap Min Capacity: 8M
 Heap Initial Capacity: 244M
 Heap Max Capacity: 3904M
 Pre-touch: Disabled
 Parallel Workers: 10
 Concurrent Workers: 3
 Concurrent Refinement Workers: 10
 Periodic GC: Disabled
Heap:
 garbage-first heap   total 90112K, used 53183K [0x000000070c000000, 0x0000000800000000)
  region size 2048K, 18 young (36864K), 2 survivors (4096K)
 Metaspace       used 62316K, committed 63040K, reserved 1114112K
  class space    used 8302K, committed 8640K, reserved 1048576K
GC Heap History (20 events):
Event: 3.139 GC heap before
{Heap before GC invocations=6 (full 0):
 garbage-first heap   total 63488K, used 43166K [0x000000070c000000, 0x0000000800000000)
  region size 2048K, 18 young (36864K), 4 survivors (8192K)
 Metaspace       used 25683K, committed 26112K, reserved 1114112K
  class space    used 3137K, committed 3328K, reserved 1048576K
}
Event: 3.144 GC heap after
{Heap after GC invocations=7 (full 0):
 garbage-first heap   total 63488K, used 15776K [0x000000070c000000, 0x0000000800000000)
  region size 2048K, 3 young (6144K), 3 survivors (6144K)
 Metaspace       used 25683K, committed 26112K, reserved 1114112K
  class space    used 3137K, committed 3328K, reserved 1048576K
}
Event: 3.593 GC heap before
{Heap before GC invocations=7 (full 0):
 garbage-first heap   total 63488K, used 46496K [0x000000070c000000, 0x0000000800000000)
  region size 2048K, 18 young (36864K), 3 survivors (6144K)
 Metaspace       used 28916K, committed 29376K, reserved 1114112K
  class space    used 3632K, committed 3840K, reserved 1048576K
}
Event: 3.598 GC heap after
{Heap after GC invocations=8 (full 0):
 garbage-first heap   total 63488K, used 17443K [0x000000070c000000, 0x0000000800000000)
  region size 2048K, 3 young (6144K), 3 survivors (6144K)
 Metaspace       used 28916K, committed 29376K, reserved 1114112K
  class space    used 3632K, committed 3840K, reserved 1048576K
}
Event: 3.974 GC heap before
{Heap before GC invocations=8 (full 0):
 garbage-first heap   total 63488K, used 46115K [0x000000070c000000, 0x0000000800000000)
  region size 2048K, 18 young (36864K), 3 survivors (6144K)
 Metaspace       used 31858K, committed 32320K, reserved 1114112K
  class space    used 3949K, committed 4160K, reserved 1048576K
}
Event: 3.979 GC heap after
{Heap after GC invocations=9 (full 0):
 garbage-first heap   total 77824K, used 18865K [0x000000070c000000, 0x0000000800000000)
  region size 2048K, 3 young (6144K), 3 survivors (6144K)
 Metaspace       used 31858K, committed 32320K, reserved 1114112K
  class space    used 3949K, committed 4160K, reserved 1048576K
}
Event: 4.363 GC heap before
{Heap before GC invocations=9 (full 0):
 garbage-first heap   total 77824K, used 45489K [0x000000070c000000, 0x0000000800000000)
  region size 2048K, 18 young (36864K), 3 survivors (6144K)
 Metaspace       used 35493K, committed 35968K, reserved 1114112K
  class space    used 4382K, committed 4608K, reserved 1048576K
}
Event: 4.369 GC heap after
{Heap after GC invocations=10 (full 0):
 garbage-first heap   total 77824K, used 20905K [0x000000070c000000, 0x0000000800000000)
  region size 2048K, 2 young (4096K), 2 survivors (4096K)
 Metaspace       used 35493K, committed 35968K, reserved 1114112K
  class space    used 4382K, committed 4608K, reserved 1048576K
}
Event: 4.924 GC heap before
{Heap before GC invocations=11 (full 0):
 garbage-first heap   total 75776K, used 61865K [0x000000070c000000, 0x0000000800000000)
  region size 2048K, 22 young (45056K), 2 survivors (4096K)
 Metaspace       used 41941K, committed 42496K, reserved 1114112K
  class space    used 5184K, committed 5440K, reserved 1048576K
}
Event: 4.928 GC heap after
{Heap after GC invocations=12 (full 0):
 garbage-first heap   total 75776K, used 21573K [0x000000070c000000, 0x0000000800000000)
  region size 2048K, 3 young (6144K), 3 survivors (6144K)
 Metaspace       used 41941K, committed 42496K, reserved 1114112K
  class space    used 5184K, committed 5440K, reserved 1048576K
}
Event: 5.272 GC heap before
{Heap before GC invocations=12 (full 0):
 garbage-first heap   total 75776K, used 60485K [0x000000070c000000, 0x0000000800000000)
  region size 2048K, 22 young (45056K), 3 survivors (6144K)
 Metaspace       used 45521K, committed 46080K, reserved 1114112K
  class space    used 5793K, committed 6016K, reserved 1048576K
}
Event: 5.276 GC heap after
{Heap after GC invocations=13 (full 0):
 garbage-first heap   total 75776K, used 21915K [0x000000070c000000, 0x0000000800000000)
  region size 2048K, 2 young (4096K), 2 survivors (4096K)
 Metaspace       used 45521K, committed 46080K, reserved 1114112K
  class space    used 5793K, committed 6016K, reserved 1048576K
}
Event: 5.701 GC heap before
{Heap before GC invocations=13 (full 0):
 garbage-first heap   total 75776K, used 62875K [0x000000070c000000, 0x0000000800000000)
  region size 2048K, 22 young (45056K), 2 survivors (4096K)
 Metaspace       used 49457K, committed 49984K, reserved 1114112K
  class space    used 6374K, committed 6592K, reserved 1048576K
}
Event: 5.705 GC heap after
{Heap after GC invocations=14 (full 0):
 garbage-first heap   total 75776K, used 23895K [0x000000070c000000, 0x0000000800000000)
  region size 2048K, 2 young (4096K), 2 survivors (4096K)
 Metaspace       used 49457K, committed 49984K, reserved 1114112K
  class space    used 6374K, committed 6592K, reserved 1048576K
}
Event: 6.038 GC heap before
{Heap before GC invocations=14 (full 0):
 garbage-first heap   total 75776K, used 64855K [0x000000070c000000, 0x0000000800000000)
  region size 2048K, 22 young (45056K), 2 survivors (4096K)
 Metaspace       used 53962K, committed 54528K, reserved 1114112K
  class space    used 6909K, committed 7168K, reserved 1048576K
}
Event: 6.042 GC heap after
{Heap after GC invocations=15 (full 0):
 garbage-first heap   total 75776K, used 23853K [0x000000070c000000, 0x0000000800000000)
  region size 2048K, 2 young (4096K), 2 survivors (4096K)
 Metaspace       used 53962K, committed 54528K, reserved 1114112K
  class space    used 6909K, committed 7168K, reserved 1048576K
}
Event: 6.376 GC heap before
{Heap before GC invocations=15 (full 0):
 garbage-first heap   total 75776K, used 62765K [0x000000070c000000, 0x0000000800000000)
  region size 2048K, 21 young (43008K), 2 survivors (4096K)
 Metaspace       used 58313K, committed 59008K, reserved 1114112K
  class space    used 7680K, committed 8000K, reserved 1048576K
}
Event: 6.381 GC heap after
{Heap after GC invocations=16 (full 0):
 garbage-first heap   total 92160K, used 24505K [0x000000070c000000, 0x0000000800000000)
  region size 2048K, 2 young (4096K), 2 survivors (4096K)
 Metaspace       used 58313K, committed 59008K, reserved 1114112K
  class space    used 7680K, committed 8000K, reserved 1048576K
}
Event: 6.508 GC heap before
{Heap before GC invocations=16 (full 0):
 garbage-first heap   total 92160K, used 36793K [0x000000070c000000, 0x0000000800000000)
  region size 2048K, 9 young (18432K), 2 survivors (4096K)
 Metaspace       used 59518K, committed 60096K, reserved 1114112K
  class space    used 7848K, committed 8128K, reserved 1048576K
}
Event: 6.512 GC heap after
{Heap after GC invocations=17 (full 0):
 garbage-first heap   total 92160K, used 24511K [0x000000070c000000, 0x0000000800000000)
  region size 2048K, 2 young (4096K), 2 survivors (4096K)
 Metaspace       used 59518K, committed 60096K, reserved 1114112K
  class space    used 7848K, committed 8128K, reserved 1048576K
}

