# JRE version: OpenJDK Runtime Environment Temurin-21.0.8+9 (21.0.8+9) (build 21.0.8+9-LTS)
# Java VM: OpenJDK 64-Bit Server VM Temurin-21.0.8+9 (21.0.8+9-LTS, mixed mode, sharing, tiered, compressed oops, compressed class ptrs, g1 gc, windows-amd64)
GC Precious Log:
 CardTable entry size: 512
 Card Set container configuration: InlinePtr #cards 4 size 8 Array Of Cards #cards 16 size 48 Howl #buckets 8 coarsen threshold 3686 Howl Bitmap #cards 512 size 80 coarsen threshold 460 Card regions per heap region 1 cards per card region 4096
 CPUs: 12 total, 12 available
 Memory: 15608M
 Large Page Support: Disabled
 NUMA Support: Disabled
 Compressed Oops: Enabled (Zero based)
 Heap Region Size: 2M
 Heap Min Capacity: 8M
 Heap Initial Capacity: 244M
 Heap Max Capacity: 3904M
 Pre-touch: Disabled
 Parallel Workers: 10
 Concurrent Workers: 3
 Concurrent Refinement Workers: 10
 Periodic GC: Disabled
Heap:
 garbage-first heap   total 108544K, used 94833K [0x000000070c000000, 0x0000000800000000)
  region size 2048K, 22 young (45056K), 1 survivors (2048K)
 Metaspace       used 85610K, committed 86592K, reserved 1179648K
  class space    used 10771K, committed 11264K, reserved 1048576K
GC Heap History (20 events):
Event: 1864.050 GC heap after
{Heap after GC invocations=41 (full 3):
 garbage-first heap   total 90112K, used 42748K [0x000000070c000000, 0x0000000800000000)
  region size 2048K, 2 young (4096K), 2 survivors (4096K)
 Metaspace       used 83239K, committed 84160K, reserved 1179648K
  class space    used 10631K, committed 11072K, reserved 1048576K
}
Event: 1864.318 GC heap before
{Heap before GC invocations=41 (full 3):
 garbage-first heap   total 90112K, used 71420K [0x000000070c000000, 0x0000000800000000)
  region size 2048K, 17 young (34816K), 2 survivors (4096K)
 Metaspace       used 83647K, committed 84544K, reserved 1179648K
  class space    used 10655K, committed 11072K, reserved 1048576K
}
Event: 1864.322 GC heap after
{Heap after GC invocations=42 (full 3):
 garbage-first heap   total 90112K, used 45278K [0x000000070c000000, 0x0000000800000000)
  region size 2048K, 3 young (6144K), 3 survivors (6144K)
 Metaspace       used 83647K, committed 84544K, reserved 1179648K
  class space    used 10655K, committed 11072K, reserved 1048576K
}
Event: 1916.117 GC heap before
{Heap before GC invocations=42 (full 3):
 garbage-first heap   total 90112K, used 73950K [0x000000070c000000, 0x0000000800000000)
  region size 2048K, 17 young (34816K), 3 survivors (6144K)
 Metaspace       used 83821K, committed 84800K, reserved 1179648K
  class space    used 10664K, committed 11136K, reserved 1048576K
}
Event: 1916.123 GC heap after
{Heap after GC invocations=43 (full 3):
 garbage-first heap   total 90112K, used 43543K [0x000000070c000000, 0x0000000800000000)
  region size 2048K, 1 young (2048K), 1 survivors (2048K)
 Metaspace       used 83821K, committed 84800K, reserved 1179648K
  class space    used 10664K, committed 11136K, reserved 1048576K
}
Event: 1990.653 GC heap before
{Heap before GC invocations=44 (full 3):
 garbage-first heap   total 90112K, used 78359K [0x000000070c000000, 0x0000000800000000)
  region size 2048K, 18 young (36864K), 1 survivors (2048K)
 Metaspace       used 83860K, committed 84800K, reserved 1179648K
  class space    used 10668K, committed 11136K, reserved 1048576K
}
Event: 1990.655 GC heap after
{Heap after GC invocations=45 (full 3):
 garbage-first heap   total 108544K, used 45770K [0x000000070c000000, 0x0000000800000000)
  region size 2048K, 2 young (4096K), 2 survivors (4096K)
 Metaspace       used 83860K, committed 84800K, reserved 1179648K
  class space    used 10668K, committed 11136K, reserved 1048576K
}
Event: 1991.015 GC heap before
{Heap before GC invocations=45 (full 3):
 garbage-first heap   total 108544K, used 90826K [0x000000070c000000, 0x0000000800000000)
  region size 2048K, 25 young (51200K), 2 survivors (4096K)
 Metaspace       used 84410K, committed 85312K, reserved 1179648K
  class space    used 10700K, committed 11136K, reserved 1048576K
}
Event: 1991.018 GC heap after
{Heap after GC invocations=46 (full 3):
 garbage-first heap   total 108544K, used 48960K [0x000000070c000000, 0x0000000800000000)
  region size 2048K, 4 young (8192K), 4 survivors (8192K)
 Metaspace       used 84410K, committed 85312K, reserved 1179648K
  class space    used 10700K, committed 11136K, reserved 1048576K
}
Event: 2097.639 GC heap before
{Heap before GC invocations=46 (full 3):
 garbage-first heap   total 108544K, used 89920K [0x000000070c000000, 0x0000000800000000)
  region size 2048K, 24 young (49152K), 4 survivors (8192K)
 Metaspace       used 84454K, committed 85312K, reserved 1179648K
  class space    used 10703K, committed 11136K, reserved 1048576K
}
Event: 2097.644 GC heap after
{Heap after GC invocations=47 (full 3):
 garbage-first heap   total 108544K, used 46930K [0x000000070c000000, 0x0000000800000000)
  region size 2048K, 1 young (2048K), 1 survivors (2048K)
 Metaspace       used 84454K, committed 85312K, reserved 1179648K
  class space    used 10703K, committed 11136K, reserved 1048576K
}
Event: 2098.146 GC heap before
{Heap before GC invocations=48 (full 3):
 garbage-first heap   total 108544K, used 94034K [0x000000070c000000, 0x0000000800000000)
  region size 2048K, 25 young (51200K), 1 survivors (2048K)
 Metaspace       used 84941K, committed 85888K, reserved 1179648K
  class space    used 10734K, committed 11200K, reserved 1048576K
}
Event: 2098.149 GC heap after
{Heap after GC invocations=49 (full 3):
 garbage-first heap   total 108544K, used 50926K [0x000000070c000000, 0x0000000800000000)
  region size 2048K, 3 young (6144K), 3 survivors (6144K)
 Metaspace       used 84941K, committed 85888K, reserved 1179648K
  class space    used 10734K, committed 11200K, reserved 1048576K
}
Event: 2143.742 GC heap before
{Heap before GC invocations=49 (full 3):
 garbage-first heap   total 108544K, used 91886K [0x000000070c000000, 0x0000000800000000)
  region size 2048K, 23 young (47104K), 3 survivors (6144K)
 Metaspace       used 85161K, committed 86144K, reserved 1179648K
  class space    used 10744K, committed 11200K, reserved 1048576K
}
Event: 2143.746 GC heap after
{Heap after GC invocations=50 (full 3):
 garbage-first heap   total 108544K, used 49054K [0x000000070c000000, 0x0000000800000000)
  region size 2048K, 1 young (2048K), 1 survivors (2048K)
 Metaspace       used 85161K, committed 86144K, reserved 1179648K
  class space    used 10744K, committed 11200K, reserved 1048576K
}
Event: 2158.617 GC heap before
{Heap before GC invocations=50 (full 3):
 garbage-first heap   total 108544K, used 94110K [0x000000070c000000, 0x0000000800000000)
  region size 2048K, 24 young (49152K), 1 survivors (2048K)
 Metaspace       used 85619K, committed 86592K, reserved 1179648K
  class space    used 10773K, committed 11264K, reserved 1048576K
}
Event: 2158.623 GC heap after
{Heap after GC invocations=51 (full 3):
 garbage-first heap   total 108544K, used 51864K [0x000000070c000000, 0x0000000800000000)
  region size 2048K, 3 young (6144K), 3 survivors (6144K)
 Metaspace       used 85619K, committed 86592K, reserved 1179648K
  class space    used 10773K, committed 11264K, reserved 1048576K
}
Event: 2255.830 GC heap before
{Heap before GC invocations=52 (full 3):
 garbage-first heap   total 108544K, used 90776K [0x000000070c000000, 0x0000000800000000)
  region size 2048K, 22 young (45056K), 3 survivors (6144K)
 Metaspace       used 85607K, committed 86592K, reserved 1179648K
  class space    used 10771K, committed 11264K, reserved 1048576K
}
Event: 2255.839 GC heap after
{Heap after GC invocations=53 (full 3):
 garbage-first heap   total 108544K, used 51825K [0x000000070c000000, 0x0000000800000000)
  region size 2048K, 1 young (2048K), 1 survivors (2048K)
 Metaspace       used 85607K, committed 86592K, reserved 1179648K
  class space    used 10771K, committed 11264K, reserved 1048576K
}
Event: 2363.781 GC heap before
{Heap before GC invocations=53 (full 3):
 garbage-first heap   total 108544K, used 94833K [0x000000070c000000, 0x0000000800000000)
  region size 2048K, 22 young (45056K), 1 survivors (2048K)
 Metaspace       used 85610K, committed 86592K, reserved 1179648K
  class space    used 10771K, committed 11264K, reserved 1048576K
}

