# JRE version: OpenJDK Runtime Environment Temurin-21.0.8+9 (21.0.8+9) (build 21.0.8+9-LTS)
# Java VM: OpenJDK 64-Bit Server VM Temurin-21.0.8+9 (21.0.8+9-LTS, mixed mode, sharing, tiered, compressed oops, compressed class ptrs, g1 gc, windows-amd64)
GC Precious Log:
 CardTable entry size: 512
 Card Set container configuration: InlinePtr #cards 4 size 8 Array Of Cards #cards 16 size 48 Howl #buckets 8 coarsen threshold 3686 Howl Bitmap #cards 512 size 80 coarsen threshold 460 Card regions per heap region 1 cards per card region 4096
 CPUs: 12 total, 12 available
 Memory: 15608M
 Large Page Support: Disabled
 NUMA Support: Disabled
 Compressed Oops: Enabled (Zero based)
 Heap Region Size: 2M
 Heap Min Capacity: 8M
 Heap Initial Capacity: 244M
 Heap Max Capacity: 3904M
 Pre-touch: Disabled
 Parallel Workers: 10
 Concurrent Workers: 3
 Concurrent Refinement Workers: 10
 Periodic GC: Disabled
Heap:
 garbage-first heap   total 98304K, used 80373K [0x000000070c000000, 0x0000000800000000)
  region size 2048K, 21 young (43008K), 1 survivors (2048K)
 Metaspace       used 91174K, committed 92160K, reserved 1179648K
  class space    used 11213K, committed 11648K, reserved 1048576K
GC Heap History (20 events):
Event: 2209.561 GC heap after
{Heap after GC invocations=41 (full 6):
 garbage-first heap   total 98304K, used 37816K [0x000000070c000000, 0x0000000800000000)
  region size 2048K, 2 young (4096K), 2 survivors (4096K)
 Metaspace       used 87941K, committed 88768K, reserved 1179648K
  class space    used 10994K, committed 11392K, reserved 1048576K
}
Event: 2280.533 GC heap before
{Heap before GC invocations=41 (full 6):
 garbage-first heap   total 98304K, used 43960K [0x000000070c000000, 0x0000000800000000)
  region size 2048K, 6 young (12288K), 2 survivors (4096K)
 Metaspace       used 87977K, committed 88832K, reserved 1179648K
  class space    used 11000K, committed 11392K, reserved 1048576K
}
Event: 2280.689 GC heap after
{Heap after GC invocations=42 (full 7):
 garbage-first heap   total 98304K, used 31393K [0x000000070c000000, 0x0000000800000000)
  region size 2048K, 0 young (0K), 0 survivors (0K)
 Metaspace       used 87971K, committed 88832K, reserved 1179648K
  class space    used 10999K, committed 11392K, reserved 1048576K
}
Event: 2282.316 GC heap before
{Heap before GC invocations=42 (full 7):
 garbage-first heap   total 98304K, used 80545K [0x000000070c000000, 0x0000000800000000)
  region size 2048K, 25 young (51200K), 0 survivors (0K)
 Metaspace       used 88433K, committed 89344K, reserved 1179648K
  class space    used 11030K, committed 11456K, reserved 1048576K
}
Event: 2282.327 GC heap after
{Heap after GC invocations=43 (full 7):
 garbage-first heap   total 98304K, used 36330K [0x000000070c000000, 0x0000000800000000)
  region size 2048K, 3 young (6144K), 3 survivors (6144K)
 Metaspace       used 88433K, committed 89344K, reserved 1179648K
  class space    used 11030K, committed 11456K, reserved 1048576K
}
Event: 2358.946 GC heap before
{Heap before GC invocations=43 (full 7):
 garbage-first heap   total 98304K, used 67050K [0x000000070c000000, 0x0000000800000000)
  region size 2048K, 19 young (38912K), 3 survivors (6144K)
 Metaspace       used 88756K, committed 89664K, reserved 1179648K
  class space    used 11042K, committed 11456K, reserved 1048576K
}
Event: 2359.000 GC heap after
{Heap after GC invocations=44 (full 8):
 garbage-first heap   total 98304K, used 31925K [0x000000070c000000, 0x0000000800000000)
  region size 2048K, 0 young (0K), 0 survivors (0K)
 Metaspace       used 88750K, committed 89664K, reserved 1179648K
  class space    used 11041K, committed 11456K, reserved 1048576K
}
Event: 2359.473 GC heap before
{Heap before GC invocations=44 (full 8):
 garbage-first heap   total 98304K, used 79029K [0x000000070c000000, 0x0000000800000000)
  region size 2048K, 24 young (49152K), 0 survivors (0K)
 Metaspace       used 89179K, committed 90112K, reserved 1179648K
  class space    used 11070K, committed 11456K, reserved 1048576K
}
Event: 2359.478 GC heap after
{Heap after GC invocations=45 (full 8):
 garbage-first heap   total 98304K, used 36859K [0x000000070c000000, 0x0000000800000000)
  region size 2048K, 3 young (6144K), 3 survivors (6144K)
 Metaspace       used 89179K, committed 90112K, reserved 1179648K
  class space    used 11070K, committed 11456K, reserved 1048576K
}
Event: 2524.110 GC heap before
{Heap before GC invocations=45 (full 8):
 garbage-first heap   total 98304K, used 77819K [0x000000070c000000, 0x0000000800000000)
  region size 2048K, 24 young (49152K), 3 survivors (6144K)
 Metaspace       used 89633K, committed 90496K, reserved 1179648K
  class space    used 11084K, committed 11456K, reserved 1048576K
}
Event: 2524.165 GC heap after
{Heap after GC invocations=46 (full 9):
 garbage-first heap   total 98304K, used 32333K [0x000000070c000000, 0x0000000800000000)
  region size 2048K, 0 young (0K), 0 survivors (0K)
 Metaspace       used 89627K, committed 90496K, reserved 1179648K
  class space    used 11083K, committed 11456K, reserved 1048576K
}
Event: 2524.897 GC heap before
{Heap before GC invocations=46 (full 9):
 garbage-first heap   total 98304K, used 81485K [0x000000070c000000, 0x0000000800000000)
  region size 2048K, 24 young (49152K), 0 survivors (0K)
 Metaspace       used 90091K, committed 91008K, reserved 1179648K
  class space    used 11114K, committed 11520K, reserved 1048576K
}
Event: 2524.900 GC heap after
{Heap after GC invocations=47 (full 9):
 garbage-first heap   total 98304K, used 37021K [0x000000070c000000, 0x0000000800000000)
  region size 2048K, 3 young (6144K), 3 survivors (6144K)
 Metaspace       used 90091K, committed 91008K, reserved 1179648K
  class space    used 11114K, committed 11520K, reserved 1048576K
}
Event: 2672.634 GC heap before
{Heap before GC invocations=47 (full 9):
 garbage-first heap   total 98304K, used 69789K [0x000000070c000000, 0x0000000800000000)
  region size 2048K, 20 young (40960K), 3 survivors (6144K)
 Metaspace       used 90347K, committed 91264K, reserved 1179648K
  class space    used 11126K, committed 11520K, reserved 1048576K
}
Event: 2672.704 GC heap after
{Heap after GC invocations=48 (full 10):
 garbage-first heap   total 98304K, used 32549K [0x000000070c000000, 0x0000000800000000)
  region size 2048K, 0 young (0K), 0 survivors (0K)
 Metaspace       used 90341K, committed 91264K, reserved 1179648K
  class space    used 11125K, committed 11520K, reserved 1048576K
}
Event: 2678.108 GC heap before
{Heap before GC invocations=48 (full 10):
 garbage-first heap   total 98304K, used 81701K [0x000000070c000000, 0x0000000800000000)
  region size 2048K, 24 young (49152K), 0 survivors (0K)
 Metaspace       used 90896K, committed 91840K, reserved 1179648K
  class space    used 11187K, committed 11584K, reserved 1048576K
}
Event: 2678.113 GC heap after
{Heap after GC invocations=49 (full 10):
 garbage-first heap   total 98304K, used 35870K [0x000000070c000000, 0x0000000800000000)
  region size 2048K, 2 young (4096K), 2 survivors (4096K)
 Metaspace       used 90896K, committed 91840K, reserved 1179648K
  class space    used 11187K, committed 11584K, reserved 1048576K
}
Event: 2755.294 GC heap before
{Heap before GC invocations=49 (full 10):
 garbage-first heap   total 98304K, used 82974K [0x000000070c000000, 0x0000000800000000)
  region size 2048K, 25 young (51200K), 2 survivors (4096K)
 Metaspace       used 91093K, committed 92096K, reserved 1179648K
  class space    used 11208K, committed 11648K, reserved 1048576K
}
Event: 2755.299 GC heap after
{Heap after GC invocations=50 (full 10):
 garbage-first heap   total 98304K, used 39413K [0x000000070c000000, 0x0000000800000000)
  region size 2048K, 4 young (8192K), 4 survivors (8192K)
 Metaspace       used 91093K, committed 92096K, reserved 1179648K
  class space    used 11208K, committed 11648K, reserved 1048576K
}
Event: 3242.620 GC heap before
{Heap before GC invocations=50 (full 10):
 garbage-first heap   total 98304K, used 80373K [0x000000070c000000, 0x0000000800000000)
  region size 2048K, 24 young (49152K), 4 survivors (8192K)
 Metaspace       used 91174K, committed 92160K, reserved 1179648K
  class space    used 11213K, committed 11648K, reserved 1048576K
}

